<?xml version="1.0" encoding="UTF-8"?>
<testsuite name="kr.co._order.homework.application.order.usecase.service.MakeOrderServiceImplTest" tests="1" skipped="0" failures="0" errors="0" timestamp="2022-10-26T04:22:11" hostname="yangjaeuui-MacBookPro.local" time="0.369">
  <properties/>
  <testcase name="주문 금액 계산(배송비 미포함)" classname="kr.co._order.homework.application.order.usecase.service.MakeOrderServiceImplTest" time="0.369"/>
  <system-out><![CDATA[13:22:07.017 [Test worker] DEBUG org.springframework.test.context.BootstrapUtils - Instantiating CacheAwareContextLoaderDelegate from class [org.springframework.test.context.cache.DefaultCacheAwareContextLoaderDelegate]
13:22:07.033 [Test worker] DEBUG org.springframework.test.context.BootstrapUtils - Instantiating BootstrapContext using constructor [public org.springframework.test.context.support.DefaultBootstrapContext(java.lang.Class,org.springframework.test.context.CacheAwareContextLoaderDelegate)]
13:22:07.073 [Test worker] DEBUG org.springframework.test.context.BootstrapUtils - Instantiating TestContextBootstrapper for test class [kr.co._order.homework.application.order.usecase.service.MakeOrderServiceImplTest] from class [org.springframework.boot.test.context.SpringBootTestContextBootstrapper]
13:22:07.090 [Test worker] INFO org.springframework.boot.test.context.SpringBootTestContextBootstrapper - Neither @ContextConfiguration nor @ContextHierarchy found for test class [kr.co._order.homework.application.order.usecase.service.MakeOrderServiceImplTest], using SpringBootContextLoader
13:22:07.095 [Test worker] DEBUG org.springframework.test.context.support.AbstractContextLoader - Did not detect default resource location for test class [kr.co._order.homework.application.order.usecase.service.MakeOrderServiceImplTest]: class path resource [kr/co/_order/homework/application/order/usecase/service/MakeOrderServiceImplTest-context.xml] does not exist
13:22:07.096 [Test worker] DEBUG org.springframework.test.context.support.AbstractContextLoader - Did not detect default resource location for test class [kr.co._order.homework.application.order.usecase.service.MakeOrderServiceImplTest]: class path resource [kr/co/_order/homework/application/order/usecase/service/MakeOrderServiceImplTestContext.groovy] does not exist
13:22:07.096 [Test worker] INFO org.springframework.test.context.support.AbstractContextLoader - Could not detect default resource locations for test class [kr.co._order.homework.application.order.usecase.service.MakeOrderServiceImplTest]: no resource found for suffixes {-context.xml, Context.groovy}.
13:22:07.097 [Test worker] INFO org.springframework.test.context.support.AnnotationConfigContextLoaderUtils - Could not detect default configuration classes for test class [kr.co._order.homework.application.order.usecase.service.MakeOrderServiceImplTest]: MakeOrderServiceImplTest does not declare any static, non-private, non-final, nested classes annotated with @Configuration.
13:22:07.210 [Test worker] DEBUG org.springframework.context.annotation.ClassPathScanningCandidateComponentProvider - Identified candidate component class: file [/Users/yangjaewoo/29cm/build/classes/java/main/kr/co/_order/homework/HomeworkApplication.class]
13:22:07.213 [Test worker] INFO org.springframework.boot.test.context.SpringBootTestContextBootstrapper - Found @SpringBootConfiguration kr.co._order.homework.HomeworkApplication for test class kr.co._order.homework.application.order.usecase.service.MakeOrderServiceImplTest
13:22:07.305 [Test worker] DEBUG org.springframework.boot.test.context.SpringBootTestContextBootstrapper - @TestExecutionListeners is not present for class [kr.co._order.homework.application.order.usecase.service.MakeOrderServiceImplTest]: using defaults.
13:22:07.305 [Test worker] INFO org.springframework.boot.test.context.SpringBootTestContextBootstrapper - Loaded default TestExecutionListener class names from location [META-INF/spring.factories]: [org.springframework.boot.test.autoconfigure.restdocs.RestDocsTestExecutionListener, org.springframework.boot.test.autoconfigure.web.client.MockRestServiceServerResetTestExecutionListener, org.springframework.boot.test.autoconfigure.web.servlet.MockMvcPrintOnlyOnFailureTestExecutionListener, org.springframework.boot.test.autoconfigure.web.servlet.WebDriverTestExecutionListener, org.springframework.boot.test.autoconfigure.webservices.client.MockWebServiceServerTestExecutionListener, org.springframework.boot.test.mock.mockito.MockitoTestExecutionListener, org.springframework.boot.test.mock.mockito.ResetMocksTestExecutionListener, org.springframework.test.context.web.ServletTestExecutionListener, org.springframework.test.context.support.DirtiesContextBeforeModesTestExecutionListener, org.springframework.test.context.event.ApplicationEventsTestExecutionListener, org.springframework.test.context.support.DependencyInjectionTestExecutionListener, org.springframework.test.context.support.DirtiesContextTestExecutionListener, org.springframework.test.context.transaction.TransactionalTestExecutionListener, org.springframework.test.context.jdbc.SqlScriptsTestExecutionListener, org.springframework.test.context.event.EventPublishingTestExecutionListener]
13:22:07.332 [Test worker] INFO org.springframework.boot.test.context.SpringBootTestContextBootstrapper - Using TestExecutionListeners: [org.springframework.test.context.web.ServletTestExecutionListener@2d35442b, org.springframework.test.context.support.DirtiesContextBeforeModesTestExecutionListener@27f9e982, org.springframework.test.context.event.ApplicationEventsTestExecutionListener@4593ff34, org.springframework.boot.test.mock.mockito.MockitoTestExecutionListener@37d3d232, org.springframework.boot.test.autoconfigure.SpringBootDependencyInjectionTestExecutionListener@30c0ccff, org.springframework.test.context.support.DirtiesContextTestExecutionListener@581d969c, org.springframework.test.context.transaction.TransactionalTestExecutionListener@22db8f4, org.springframework.test.context.jdbc.SqlScriptsTestExecutionListener@2b46a8c1, org.springframework.test.context.event.EventPublishingTestExecutionListener@1d572e62, org.springframework.boot.test.autoconfigure.restdocs.RestDocsTestExecutionListener@29caf222, org.springframework.boot.test.autoconfigure.web.client.MockRestServiceServerResetTestExecutionListener@46cf05f7, org.springframework.boot.test.autoconfigure.web.servlet.MockMvcPrintOnlyOnFailureTestExecutionListener@5851bd4f, org.springframework.boot.test.autoconfigure.web.servlet.WebDriverTestExecutionListener@7cd1ac19, org.springframework.boot.test.autoconfigure.webservices.client.MockWebServiceServerTestExecutionListener@2f40a43, org.springframework.boot.test.mock.mockito.ResetMocksTestExecutionListener@3caa4757]
13:22:07.336 [Test worker] DEBUG org.springframework.test.context.support.AbstractDirtiesContextTestExecutionListener - Before test class: context [DefaultTestContext@320e400 testClass = MakeOrderServiceImplTest, testInstance = [null], testMethod = [null], testException = [null], mergedContextConfiguration = [WebMergedContextConfiguration@5167268 testClass = MakeOrderServiceImplTest, locations = '{}', classes = '{class kr.co._order.homework.HomeworkApplication}', contextInitializerClasses = '[]', activeProfiles = '{test}', propertySourceLocations = '{}', propertySourceProperties = '{org.springframework.boot.test.context.SpringBootTestContextBootstrapper=true, server.port=0}', contextCustomizers = set[org.springframework.boot.test.autoconfigure.actuate.metrics.MetricsExportContextCustomizerFactory$DisableMetricExportContextCustomizer@5e81e5ac, org.springframework.boot.test.autoconfigure.properties.PropertyMappingContextCustomizer@0, org.springframework.boot.test.autoconfigure.web.servlet.WebDriverContextCustomizerFactory$Customizer@607fbe09, org.springframework.boot.test.context.filter.ExcludeFilterContextCustomizer@3382f8ae, org.springframework.boot.test.json.DuplicateJsonObjectContextCustomizerFactory$DuplicateJsonObjectContextCustomizer@a5bd950, org.springframework.boot.test.mock.mockito.MockitoContextCustomizer@0, org.springframework.boot.test.web.client.TestRestTemplateContextCustomizer@163d04ff, org.springframework.boot.test.context.SpringBootTestArgs@1, org.springframework.boot.test.context.SpringBootTestWebEnvironment@54e041a4], resourceBasePath = 'src/main/webapp', contextLoader = 'org.springframework.boot.test.context.SpringBootContextLoader', parent = [null]], attributes = map['org.springframework.test.context.web.ServletTestExecutionListener.activateListener' -> false]], class annotated with @DirtiesContext [false] with mode [null].
13:22:07.347 [Test worker] DEBUG org.springframework.test.context.support.DependencyInjectionTestExecutionListener - Performing dependency injection for test context [[DefaultTestContext@320e400 testClass = MakeOrderServiceImplTest, testInstance = kr.co._order.homework.application.order.usecase.service.MakeOrderServiceImplTest@1deb2c43, testMethod = [null], testException = [null], mergedContextConfiguration = [WebMergedContextConfiguration@5167268 testClass = MakeOrderServiceImplTest, locations = '{}', classes = '{class kr.co._order.homework.HomeworkApplication}', contextInitializerClasses = '[]', activeProfiles = '{test}', propertySourceLocations = '{}', propertySourceProperties = '{org.springframework.boot.test.context.SpringBootTestContextBootstrapper=true, server.port=0}', contextCustomizers = set[org.springframework.boot.test.autoconfigure.actuate.metrics.MetricsExportContextCustomizerFactory$DisableMetricExportContextCustomizer@5e81e5ac, org.springframework.boot.test.autoconfigure.properties.PropertyMappingContextCustomizer@0, org.springframework.boot.test.autoconfigure.web.servlet.WebDriverContextCustomizerFactory$Customizer@607fbe09, org.springframework.boot.test.context.filter.ExcludeFilterContextCustomizer@3382f8ae, org.springframework.boot.test.json.DuplicateJsonObjectContextCustomizerFactory$DuplicateJsonObjectContextCustomizer@a5bd950, org.springframework.boot.test.mock.mockito.MockitoContextCustomizer@0, org.springframework.boot.test.web.client.TestRestTemplateContextCustomizer@163d04ff, org.springframework.boot.test.context.SpringBootTestArgs@1, org.springframework.boot.test.context.SpringBootTestWebEnvironment@54e041a4], resourceBasePath = 'src/main/webapp', contextLoader = 'org.springframework.boot.test.context.SpringBootContextLoader', parent = [null]], attributes = map['org.springframework.test.context.web.ServletTestExecutionListener.activateListener' -> false, 'org.springframework.test.context.event.ApplicationEventsTestExecutionListener.recordApplicationEvents' -> false]]].

  .   ____          _            __ _ _
 /\\ / ___'_ __ _ _(_)_ __  __ _ \ \ \ \
( ( )\___ | '_ | '_| | '_ \/ _` | \ \ \ \
 \\/  ___)| |_)| | | | | || (_| |  ) ) ) )
  '  |____| .__|_| |_|_| |_\__, | / / / /
 =========|_|==============|___/=/_/_/_/
 :: Spring Boot ::                (v2.7.4)

2022-10-26 13:22:07.720  INFO 54749 --- [    Test worker] k.c._.h.a.o.u.s.MakeOrderServiceImplTest : Starting MakeOrderServiceImplTest using Java 11.0.16 on yangjaeuui-MacBookPro.local with PID 54749 (started by yangjaewoo in /Users/yangjaewoo/29cm)
2022-10-26 13:22:07.721  INFO 54749 --- [    Test worker] k.c._.h.a.o.u.s.MakeOrderServiceImplTest : The following 1 profile is active: "test"
2022-10-26 13:22:08.291  INFO 54749 --- [    Test worker] .s.d.r.c.RepositoryConfigurationDelegate : Bootstrapping Spring Data JPA repositories in DEFAULT mode.
2022-10-26 13:22:08.363  INFO 54749 --- [    Test worker] .s.d.r.c.RepositoryConfigurationDelegate : Finished Spring Data repository scanning in 58 ms. Found 4 JPA repository interfaces.
2022-10-26 13:22:08.922  INFO 54749 --- [    Test worker] o.s.b.w.embedded.tomcat.TomcatWebServer  : Tomcat initialized with port(s): 0 (http)
2022-10-26 13:22:08.936  INFO 54749 --- [    Test worker] o.apache.catalina.core.StandardService   : Starting service [Tomcat]
2022-10-26 13:22:08.936  INFO 54749 --- [    Test worker] org.apache.catalina.core.StandardEngine  : Starting Servlet engine: [Apache Tomcat/9.0.65]
2022-10-26 13:22:09.044  INFO 54749 --- [    Test worker] o.a.c.c.C.[Tomcat].[localhost].[/]       : Initializing Spring embedded WebApplicationContext
2022-10-26 13:22:09.044  INFO 54749 --- [    Test worker] w.s.c.ServletWebServerApplicationContext : Root WebApplicationContext: initialization completed in 1295 ms
2022-10-26 13:22:09.232  INFO 54749 --- [    Test worker] com.zaxxer.hikari.HikariDataSource       : HikariPool-1 - Starting...
2022-10-26 13:22:09.420  INFO 54749 --- [    Test worker] com.zaxxer.hikari.HikariDataSource       : HikariPool-1 - Start completed.
2022-10-26 13:22:09.487  INFO 54749 --- [    Test worker] o.hibernate.jpa.internal.util.LogHelper  : HHH000204: Processing PersistenceUnitInfo [name: default]
2022-10-26 13:22:09.559  INFO 54749 --- [    Test worker] org.hibernate.Version                    : HHH000412: Hibernate ORM core version 5.6.11.Final
2022-10-26 13:22:09.765  INFO 54749 --- [    Test worker] o.hibernate.annotations.common.Version   : HCANN000001: Hibernate Commons Annotations {5.1.2.Final}
2022-10-26 13:22:09.900  INFO 54749 --- [    Test worker] org.hibernate.dialect.Dialect            : HHH000400: Using dialect: org.hibernate.dialect.H2Dialect
2022-10-26 13:22:10.539  INFO 54749 --- [    Test worker] o.h.e.t.j.p.i.JtaPlatformInitiator       : HHH000490: Using JtaPlatform implementation: [org.hibernate.engine.transaction.jta.platform.internal.NoJtaPlatform]
2022-10-26 13:22:10.548  INFO 54749 --- [    Test worker] j.LocalContainerEntityManagerFactoryBean : Initialized JPA EntityManagerFactory for persistence unit 'default'
2022-10-26 13:22:11.006  WARN 54749 --- [    Test worker] JpaBaseConfiguration$JpaWebConfiguration : spring.jpa.open-in-view is enabled by default. Therefore, database queries may be performed during view rendering. Explicitly configure spring.jpa.open-in-view to disable this warning
2022-10-26 13:22:11.567  INFO 54749 --- [    Test worker] o.s.b.w.embedded.tomcat.TomcatWebServer  : Tomcat started on port(s): 62727 (http) with context path ''
2022-10-26 13:22:11.578  INFO 54749 --- [    Test worker] k.c._.h.a.o.u.s.MakeOrderServiceImplTest : Started MakeOrderServiceImplTest in 4.203 seconds (JVM running for 5.403)
]]></system-out>
  <system-err><![CDATA[]]></system-err>
</testsuite>
